\BOOKMARK [0][-]{chapter*.1}{\376\377\000A\000b\000s\000t\000r\000a\000c\000t}{}% 1
\BOOKMARK [0][-]{chapter*.2}{\376\377\000A\000c\000k\000n\000o\000w\000l\000e\000d\000g\000e\000m\000e\000n\000t\000s}{}% 2
\BOOKMARK [0][-]{chapter*.2}{\376\377\000C\000o\000n\000t\000e\000n\000t\000s}{}% 3
\BOOKMARK [0][-]{chapter*.2}{\376\377\000L\000i\000s\000t\000\040\000o\000f\000\040\000F\000i\000g\000u\000r\000e\000s}{}% 4
\BOOKMARK [0][-]{chapter*.2}{\376\377\000L\000i\000s\000t\000\040\000o\000f\000\040\000T\000a\000b\000l\000e\000s}{}% 5
\BOOKMARK [0][-]{chapter*.2}{\376\377\000L\000i\000s\000t\000\040\000o\000f\000\040\000A\000b\000b\000r\000e\000v\000i\000a\000t\000i\000o\000n\000s}{}% 6
\BOOKMARK [0][-]{chapter*.2}{\376\377\000G\000l\000o\000s\000s\000a\000r\000y\000\040\000o\000f\000\040\000S\000y\000m\000b\000o\000l\000s}{}% 7
\BOOKMARK [0][-]{chapter.1}{\376\377\000I\000n\000t\000r\000o\000d\000u\000c\000t\000i\000o\000n\000\040\000a\000n\000d\000\040\000O\000b\000j\000e\000c\000t\000i\000v\000e\000s\000\040\000\050\0001\0000\000\040\000m\000a\000r\000k\000s\000\051}{}% 8
\BOOKMARK [0][-]{chapter.2}{\376\377\000B\000a\000c\000k\000g\000r\000o\000u\000n\000d\000\040\000\050\0001\0005\000\040\000m\000a\000r\000k\000s\000\051}{}% 9
\BOOKMARK [1][-]{section.2.1}{\376\377\000V\000e\000h\000i\000c\000l\000e\000\040\000R\000o\000u\000t\000i\000n\000g\000\040\000P\000r\000o\000b\000l\000e\000m\000\040\000\050\000V\000R\000P\000\051}{chapter.2}% 10
\BOOKMARK [1][-]{section.2.2}{\376\377\000V\000a\000r\000i\000a\000n\000t\000s}{chapter.2}% 11
\BOOKMARK [1][-]{section.2.3}{\376\377\000S\000o\000l\000o\000m\000o\000n}{chapter.2}% 12
\BOOKMARK [2][-]{subsection.2.3.1}{\376\377\000G\000e\000o\000g\000r\000a\000p\000h\000i\000c\000a\000l\000\040\000D\000i\000s\000t\000r\000i\000b\000u\000t\000i\000o\000n\000s}{section.2.3}% 13
\BOOKMARK [2][-]{subsection.2.3.2}{\376\377\000T\000e\000m\000p\000o\000r\000a\000l\000\040\000a\000n\000d\000\040\000C\000a\000p\000a\000c\000i\000t\000y\000\040\000C\000o\000n\000s\000t\000r\000a\000i\000n\000t\000s\000\040\000\050\000T\000y\000p\000e\000\040\0001\000\040\000v\000s\000.\000\040\000T\000y\000p\000e\000\040\0002\000\051}{section.2.3}% 14
\BOOKMARK [2][-]{subsection.2.3.3}{\376\377\000A\000d\000a\000p\000t\000a\000t\000i\000o\000n\000\040\000f\000o\000r\000\040\000D\000y\000n\000a\000m\000i\000c\000\040\000V\000R\000P\000\040\000\050\000D\000V\000R\000P\000T\000W\000\051}{section.2.3}% 15
\BOOKMARK [2][-]{subsection.2.3.4}{\376\377\000C\000o\000m\000m\000o\000n\000\040\000P\000r\000e\000p\000r\000o\000c\000e\000s\000s\000i\000n\000g\000\040\000S\000t\000e\000p\000s}{section.2.3}% 16
\BOOKMARK [1][-]{section.2.4}{\376\377\000E\000v\000a\000l\000u\000a\000t\000i\000o\000n\000\040\000M\000e\000t\000r\000i\000c\000s}{chapter.2}% 17
\BOOKMARK [2][-]{subsection.2.4.1}{\376\377\000S\000e\000r\000v\000i\000c\000e\000\040\000Q\000u\000a\000l\000i\000t\000y\000\040\000M\000e\000t\000r\000i\000c\000s}{section.2.4}% 18
\BOOKMARK [2][-]{subsection.2.4.2}{\376\377\000O\000p\000e\000r\000a\000t\000i\000o\000n\000a\000l\000\040\000E\000f\000f\000i\000c\000i\000e\000n\000c\000y\000\040\000M\000e\000t\000r\000i\000c\000s}{section.2.4}% 19
\BOOKMARK [2][-]{subsection.2.4.3}{\376\377\000C\000o\000m\000p\000u\000t\000a\000t\000i\000o\000n\000a\000l\000\040\000E\000f\000f\000i\000c\000i\000e\000n\000c\000y\000\040\000M\000e\000t\000r\000i\000c\000s}{section.2.4}% 20
\BOOKMARK [2][-]{subsection.2.4.4}{\376\377\000B\000e\000n\000c\000h\000m\000a\000r\000k\000i\000n\000g\000\040\000a\000n\000d\000\040\000C\000o\000m\000p\000a\000r\000a\000t\000i\000v\000e\000\040\000A\000n\000a\000l\000y\000s\000i\000s}{section.2.4}% 21
\BOOKMARK [1][-]{section.2.5}{\376\377\000H\000e\000u\000r\000i\000s\000t\000i\000c\000s\000\040\000a\000n\000d\000\040\000M\000e\000t\000a\000h\000e\000u\000r\000i\000s\000t\000i\000c\000s\000\040\000f\000o\000r\000\040\000V\000R\000P}{chapter.2}% 22
\BOOKMARK [1][-]{section.2.6}{\376\377\000A\000I\000\040\000M\000e\000t\000h\000o\000d\000s}{chapter.2}% 23
\BOOKMARK [1][-]{section.2.7}{\376\377\000C\000l\000a\000s\000s\000i\000c\000a\000l\000\040\000V\000e\000h\000i\000c\000l\000e\000\040\000R\000o\000u\000t\000i\000n\000g\000\040\000P\000r\000o\000b\000l\000e\000m\000\040\000\050\000V\000R\000P\000\051}{chapter.2}% 24
\BOOKMARK [1][-]{section.2.8}{\376\377\000E\000x\000a\000c\000t\000\040\000M\000e\000t\000h\000o\000d\000s\000\040\000f\000o\000r\000\040\000V\000R\000P}{chapter.2}% 25
\BOOKMARK [1][-]{section.2.9}{\376\377\000H\000e\000u\000r\000i\000s\000t\000i\000c\000\040\000a\000n\000d\000\040\000M\000e\000t\000a\000h\000e\000u\000r\000i\000s\000t\000i\000c\000\040\000M\000e\000t\000h\000o\000d\000s\000\040\000f\000o\000r\000\040\000V\000R\000P}{chapter.2}% 26
\BOOKMARK [1][-]{section.2.10}{\376\377\000R\000e\000i\000n\000f\000o\000r\000c\000e\000m\000e\000n\000t\000\040\000L\000e\000a\000r\000n\000i\000n\000g\000\040\000f\000o\000r\000\040\000V\000R\000P}{chapter.2}% 27
\BOOKMARK [1][-]{section.2.11}{\376\377\000D\000y\000n\000a\000m\000i\000c\000\040\000V\000R\000P\000\040\000a\000n\000d\000\040\000R\000e\000-\000o\000p\000t\000i\000m\000i\000z\000a\000t\000i\000o\000n\000\040\000S\000t\000r\000a\000t\000e\000g\000i\000e\000s}{chapter.2}% 28
